<?xml version="1.0" encoding="UTF-8"?>
<!-- Generated by org.testng.reporters.JUnitXMLReporter -->
<testsuite ignored="0" hostname="FFE-M-Preethi" failures="0" tests="1" name="Test-Runner-2" time="26.935" errors="0" timestamp="2025-08-21T11:25:54 IST">
  <testcase classname="ninza.CRMContacts.CreateContactTest" name="tc_e2e_01_createContact" time="18.856"/>
</testsuite> <!-- Test-Runner-2 -->
