<?xml version="1.0" encoding="UTF-8"?>
<!-- Generated by org.testng.reporters.JUnitXMLReporter -->
<testsuite ignored="0" hostname="FFE-M-Preethi" failures="0" tests="4" name="Test-Runner-1" time="24.046" errors="0" timestamp="2025-08-21T11:25:51 IST">
  <testcase classname="ninza.CRMCampaigns.CreateCampaignTest" name="sample" time="0.005"/>
  <testcase classname="ninza.CRMCampaigns.CreateCampaignTest" name="sample2" time="0.004"/>
  <testcase classname="ninza.CRMCampaigns.CreateCampaignTest" name="tc_e2e_01_createCampaign" time="7.838"/>
  <testcase classname="ninza.CRMCampaigns.CreateCampaignTest" name="testSample" time="0.004"/>
</testsuite> <!-- Test-Runner-1 -->
