<?xml version="1.0" encoding="UTF-8"?>
<!-- Generated by org.testng.reporters.JUnitReportReporter -->
<testsuite hostname="FFE-M-Preethi" failures="0" tests="1" name="practice.CreatePurchaseOrderWithProductAndContact" time="45.859" errors="0" timestamp="2025-08-14T10:38:03 IST" skipped="0">
  <testcase classname="practice.CreatePurchaseOrderWithProductAndContact" name="createPurchaseOrder" time="45.859"/>
</testsuite> <!-- practice.CreatePurchaseOrderWithProductAndContact -->
