<?xml version="1.0" encoding="UTF-8"?>
<!-- Generated by org.testng.reporters.JUnitReportReporter -->
<testsuite hostname="FFE-M-Preethi" failures="0" tests="1" name="ninza.CRMContacts.CreateContactTest" time="21.102" errors="0" timestamp="2025-08-21T11:25:54 IST" skipped="0">
  <testcase classname="ninza.CRMContacts.CreateContactTest" name="tc_e2e_01_createContact" time="21.102"/>
</testsuite> <!-- ninza.CRMContacts.CreateContactTest -->
