<?xml version="1.0" encoding="UTF-8"?>
<!-- Generated by org.testng.reporters.JUnitReportReporter -->
<testsuite hostname="FFE-M-Preethi" failures="0" tests="1" name="practice.ReadDataFromCmdLine" time="0.008" errors="0" timestamp="2025-08-22T12:46:47 IST" skipped="0">
  <testcase classname="practice.ReadDataFromCmdLine" name="readData" time="0.008"/>
</testsuite> <!-- practice.ReadDataFromCmdLine -->
