<?xml version="1.0" encoding="UTF-8"?>
<!-- Generated by org.testng.reporters.JUnitReportReporter -->
<testsuite hostname="FFE-M-Preethi" failures="0" tests="7" name="practice.TestNGPractice" time="0.014" errors="0" timestamp="2025-08-18T11:41:58 IST" skipped="1">
  <testcase classname="practice.TestNGPractice" name="modify" time="0.002"/>
  <testcase classname="practice.TestNGPractice" name="modify" time="0.001"/>
  <testcase classname="practice.TestNGPractice" name="create" time="0.001"/>
  <testcase classname="practice.TestNGPractice" name="create" time="0.001"/>
  <testcase classname="practice.TestNGPractice" name="create" time="0.001"/>
  <testcase classname="practice.TestNGPractice" name="create" time="0.008"/>
  <testcase classname="practice.TestNGPractice" name="delete">
    <skipped/>
  </testcase> <!-- delete -->
</testsuite> <!-- practice.TestNGPractice -->
